,,
<span style="color: #009966;">Seer</span>,<strong>lolololol</strong>,1332375404
May,talk in chat,1332375483
<span style="color: #009966;">Seer</span>,<strong>Woooo!</strong>,1332375487
May,i can't change my profile picture :(,1332375497
hugewilly,so big,1332375580
<span style="color: #db0656;">May</span>,try type PINK,1332375711
<span style="color: #009966;">Seer</span>,<strong>^_^</strong>,1332375718
hugewilly,huehue,1332375725
<span style='color: #ffcc00;'>hugewilly</span>,is smelly,1332375756
Coldara,bonjour,1332375801
<span style="color: #009966;">Seer</span>,<strong>:D</strong>,1332375805
<span style="color: #009966;">Seer</span>,<strong>It's good to see that this works though tbh</strong>,1332375809
Doughnuts,It doesnt work,1332375891
hugewilly,willies!!!!!!,1332375936
hugewilly,all of them,1332375938
<span style="color: #009966;">Seer</span>,<strong>Talk now</strong>,1332375939
<span style="color: #db0656;">Doughnuts</span>,no,1332375943
Coldara,give me blue 8D,1332375958
Doughnuts,lol,1332375962
Doughnuts,lol,1332375985
<span style="color: pink;">Doughnuts</span>,lol,1332375998
<span style='color: #0099CC;'>Doughnuts</span>,<strong>im missing pink already</strong>,1332376069
Coldara,:P,1332376456
<span style="color: #009966;">Seer</span>,<strong>Someone is gona come troll this chat soon&#44; I know it</strong>,1332376500
<span style='color: #0099CC;'>Doughnuts</span>,<strong>sup</strong>,1332378252
TrainerDusk,Why does DMC4 have such a similar look to skyrim?,1332378366
TrainerDusk,must be the snow,1332378384
TrainerDusk,From reddit btw,1332378394
TrainerDusk,Wy do you think Jax still has any AP scaling? It doesn't seem worth it to me,1332378521
TrainerDusk,PAX,1332378646
<span style='color: #0099CC;'>Doughnuts</span>,<strong>Ill be doing amnesia once i dl it</strong>,1332378801
<span style="color: #009966;">Seer</span>,<strong>Interesting</strong>,1332378957
<span style="color: #009966;">Seer</span>,<strong>Games like DMC4 and GRID lag :(</strong>,1332378973
<span style="color: #009966;">Seer</span>,<strong>I bet the Witcher 2 would lag like hell</strong>,1332378992
<span style='color: #0099CC;'>Doughnuts</span>,<strong>I WILL BE SHITTING MYSELF VERY SOON</strong>,1332379049
<span style="color: #009966;">Seer</span>,<strong>Gah&#44; need a new CPU :|</strong>,1332379566
<span style="color: #009966;">Seer</span>,<strong>Website is back again :|</strong>,1332380215
<span style="color: #009966;">Seer</span>,<strong>hmmm</strong>,1332380906
<span style="color: #009966;">Seer</span>,<strong>rawr</strong>,1332381114
Amazz,SHOUTING,1332381371
<span style="color: #009966;">Seer</span>,<strong>:D</strong>,1332381378
<span style='color: #0099CC;'>Doughnuts</span>,<strong>AHHHHHHHHHHHH</strong>,1332382241
<span style="color: #009966;">Seer</span>,<strong>bleghhegwhgweg</strong>,1332383391
<span style="color: #009966;">Seer</span>,<strong>Just gona</strong>,1332383393
<span style="color: #009966;">Seer</span>,<strong>have</strong>,1332383394
<span style="color: #009966;">Seer</span>,<strong>to</strong>,1332383394
<span style="color: #009966;">Seer</span>,<strong>try make some errors!</strong>,1332383397
<span style="color: #009966;">Seer</span>,<strong>gdfg</strong>,1332383833
<span style="color: #009966;">Seer</span>,<strong>grrrr</strong>,1332383850